<?xml version="1.0" encoding="UTF-8"?>
<!-- Generated by org.testng.reporters.JUnitReportReporter -->
<testsuite skipped="0" hostname="LAPTOP-O1JDJPL1" name="cucumberOptions.TestRunner" tests="1" failures="0" timestamp="08 Mar 2021 19:35:25 GMT" time="33.314" errors="0">
  <testcase name="feature" time="33.314" classname="cucumberOptions.TestRunner"/>
</testsuite> <!-- cucumberOptions.TestRunner -->
